# JRE version: OpenJDK Runtime Environment (8.0_151-b12) (build 1.8.0_151-8u151-b12-0ubuntu0.16.04.2-b12)
# Java VM: OpenJDK 64-Bit Server VM (25.151-b12 mixed mode linux-amd64 compressed oops)
Heap:
 PSYoungGen      total 303616K, used 204518K [0x00000000d7100000, 0x00000000efe80000, 0x0000000100000000)
  eden space 243712K, 62% used [0x00000000d7100000,0x00000000e0698be0,0x00000000e5f00000)
  from space 59904K, 85% used [0x00000000e5f00000,0x00000000e9120e30,0x00000000e9980000)
  to   space 65536K, 0% used [0x00000000ebe80000,0x00000000ebe80000,0x00000000efe80000)
 ParOldGen       total 280064K, used 75443K [0x0000000085200000, 0x0000000096380000, 0x00000000d7100000)
  object space 280064K, 26% used [0x0000000085200000,0x0000000089baced0,0x0000000096380000)
 Metaspace       used 81194K, capacity 90804K, committed 91008K, reserved 1128448K
  class space    used 9656K, capacity 12340K, committed 12416K, reserved 1048576K
GC Heap History (10 events):
Event: 10,251 GC heap before
{Heap before GC invocations=13 (full 2):
 PSYoungGen      total 281600K, used 68757K [0x00000000d7100000, 0x00000000ef000000, 0x0000000100000000)
  eden space 216064K, 31% used [0x00000000d7100000,0x00000000db4257f8,0x00000000e4400000)
  from space 65536K, 0% used [0x00000000e8380000,0x00000000e8380000,0x00000000ec380000)
  to   space 65024K, 0% used [0x00000000e4400000,0x00000000e4400000,0x00000000e8380000)
 ParOldGen       total 170496K, used 56893K [0x0000000085200000, 0x000000008f880000, 0x00000000d7100000)
  object space 170496K, 33% used [0x0000000085200000,0x000000008898f690,0x000000008f880000)
 Metaspace       used 30234K, capacity 33362K, committed 33496K, reserved 1079296K
  class space    used 3279K, capacity 4134K, committed 4224K, reserved 1048576K
Event: 10,274 GC heap after
Heap after GC invocations=13 (full 2):
 PSYoungGen      total 281088K, used 16851K [0x00000000d7100000, 0x00000000eec00000, 0x0000000100000000)
  eden space 216064K, 0% used [0x00000000d7100000,0x00000000d7100000,0x00000000e4400000)
  from space 65024K, 25% used [0x00000000e4400000,0x00000000e5474e18,0x00000000e8380000)
  to   space 62976K, 0% used [0x00000000eae80000,0x00000000eae80000,0x00000000eec00000)
 ParOldGen       total 170496K, used 56901K [0x0000000085200000, 0x000000008f880000, 0x00000000d7100000)
  object space 170496K, 33% used [0x0000000085200000,0x0000000088991690,0x000000008f880000)
 Metaspace       used 30234K, capacity 33362K, committed 33496K, reserved 1079296K
  class space    used 3279K, capacity 4134K, committed 4224K, reserved 1048576K
}
Event: 10,274 GC heap before
{Heap before GC invocations=14 (full 3):
 PSYoungGen      total 281088K, used 16851K [0x00000000d7100000, 0x00000000eec00000, 0x0000000100000000)
  eden space 216064K, 0% used [0x00000000d7100000,0x00000000d7100000,0x00000000e4400000)
  from space 65024K, 25% used [0x00000000e4400000,0x00000000e5474e18,0x00000000e8380000)
  to   space 62976K, 0% used [0x00000000eae80000,0x00000000eae80000,0x00000000eec00000)
 ParOldGen       total 170496K, used 56901K [0x0000000085200000, 0x000000008f880000, 0x00000000d7100000)
  object space 170496K, 33% used [0x0000000085200000,0x0000000088991690,0x000000008f880000)
 Metaspace       used 30234K, capacity 33362K, committed 33496K, reserved 1079296K
  class space    used 3279K, capacity 4134K, committed 4224K, reserved 1048576K
Event: 10,778 GC heap after
Heap after GC invocations=14 (full 3):
 PSYoungGen      total 281088K, used 0K [0x00000000d7100000, 0x00000000eec00000, 0x0000000100000000)
  eden space 216064K, 0% used [0x00000000d7100000,0x00000000d7100000,0x00000000e4400000)
  from space 65024K, 0% used [0x00000000e4400000,0x00000000e4400000,0x00000000e8380000)
  to   space 62976K, 0% used [0x00000000eae80000,0x00000000eae80000,0x00000000eec00000)
 ParOldGen       total 208384K, used 57396K [0x0000000085200000, 0x0000000091d80000, 0x00000000d7100000)
  object space 208384K, 27% used [0x0000000085200000,0x0000000088a0d220,0x0000000091d80000)
 Metaspace       used 30234K, capacity 33362K, committed 33496K, reserved 1079296K
  class space    used 3279K, capacity 4134K, committed 4224K, reserved 1048576K
}
Event: 15,170 GC heap before
{Heap before GC invocations=15 (full 3):
 PSYoungGen      total 281088K, used 116846K [0x00000000d7100000, 0x00000000eec00000, 0x0000000100000000)
  eden space 216064K, 54% used [0x00000000d7100000,0x00000000de31b908,0x00000000e4400000)
  from space 65024K, 0% used [0x00000000e4400000,0x00000000e4400000,0x00000000e8380000)
  to   space 62976K, 0% used [0x00000000eae80000,0x00000000eae80000,0x00000000eec00000)
 ParOldGen       total 208384K, used 57396K [0x0000000085200000, 0x0000000091d80000, 0x00000000d7100000)
  object space 208384K, 27% used [0x0000000085200000,0x0000000088a0d220,0x0000000091d80000)
 Metaspace       used 49875K, capacity 55792K, committed 55828K, reserved 1097728K
  class space    used 5650K, capacity 7399K, committed 7424K, reserved 1048576K
Event: 15,196 GC heap after
Heap after GC invocations=15 (full 3):
 PSYoungGen      total 282112K, used 27527K [0x00000000d7100000, 0x00000000ed400000, 0x0000000100000000)
  eden space 243712K, 0% used [0x00000000d7100000,0x00000000d7100000,0x00000000e5f00000)
  from space 38400K, 71% used [0x00000000eae80000,0x00000000ec961c08,0x00000000ed400000)
  to   space 59904K, 0% used [0x00000000e5f00000,0x00000000e5f00000,0x00000000e9980000)
 ParOldGen       total 208384K, used 57404K [0x0000000085200000, 0x0000000091d80000, 0x00000000d7100000)
  object space 208384K, 27% used [0x0000000085200000,0x0000000088a0f220,0x0000000091d80000)
 Metaspace       used 49875K, capacity 55792K, committed 55828K, reserved 1097728K
  class space    used 5650K, capacity 7399K, committed 7424K, reserved 1048576K
}
Event: 15,196 GC heap before
{Heap before GC invocations=16 (full 4):
 PSYoungGen      total 282112K, used 27527K [0x00000000d7100000, 0x00000000ed400000, 0x0000000100000000)
  eden space 243712K, 0% used [0x00000000d7100000,0x00000000d7100000,0x00000000e5f00000)
  from space 38400K, 71% used [0x00000000eae80000,0x00000000ec961c08,0x00000000ed400000)
  to   space 59904K, 0% used [0x00000000e5f00000,0x00000000e5f00000,0x00000000e9980000)
 ParOldGen       total 208384K, used 57404K [0x0000000085200000, 0x0000000091d80000, 0x00000000d7100000)
  object space 208384K, 27% used [0x0000000085200000,0x0000000088a0f220,0x0000000091d80000)
 Metaspace       used 49875K, capacity 55792K, committed 55828K, reserved 1097728K
  class space    used 5650K, capacity 7399K, committed 7424K, reserved 1048576K
Event: 15,342 GC heap after
Heap after GC invocations=16 (full 4):
 PSYoungGen      total 282112K, used 0K [0x00000000d7100000, 0x00000000ed400000, 0x0000000100000000)
  eden space 243712K, 0% used [0x00000000d7100000,0x00000000d7100000,0x00000000e5f00000)
  from space 38400K, 0% used [0x00000000eae80000,0x00000000eae80000,0x00000000ed400000)
  to   space 59904K, 0% used [0x00000000e5f00000,0x00000000e5f00000,0x00000000e9980000)
 ParOldGen       total 280064K, used 75435K [0x0000000085200000, 0x0000000096380000, 0x00000000d7100000)
  object space 280064K, 26% used [0x0000000085200000,0x0000000089baaed0,0x0000000096380000)
 Metaspace       used 49863K, capacity 55774K, committed 55828K, reserved 1097728K
  class space    used 5648K, capacity 7396K, committed 7424K, reserved 1048576K
}
Event: 21,534 GC heap before
{Heap before GC invocations=17 (full 4):
 PSYoungGen      total 282112K, used 243712K [0x00000000d7100000, 0x00000000ed400000, 0x0000000100000000)
  eden space 243712K, 100% used [0x00000000d7100000,0x00000000e5f00000,0x00000000e5f00000)
  from space 38400K, 0% used [0x00000000eae80000,0x00000000eae80000,0x00000000ed400000)
  to   space 59904K, 0% used [0x00000000e5f00000,0x00000000e5f00000,0x00000000e9980000)
 ParOldGen       total 280064K, used 75435K [0x0000000085200000, 0x0000000096380000, 0x00000000d7100000)
  object space 280064K, 26% used [0x0000000085200000,0x0000000089baaed0,0x0000000096380000)
 Metaspace       used 79991K, capacity 89558K, committed 89856K, reserved 1126400K
  class space    used 9512K, capacity 12198K, committed 12288K, reserved 1048576K
Event: 21,612 GC heap after
Heap after GC invocations=17 (full 4):
 PSYoungGen      total 303616K, used 51331K [0x00000000d7100000, 0x00000000efe80000, 0x0000000100000000)
  eden space 243712K, 0% used [0x00000000d7100000,0x00000000d7100000,0x00000000e5f00000)
  from space 59904K, 85% used [0x00000000e5f00000,0x00000000e9120e30,0x00000000e9980000)
  to   space 65536K, 0% used [0x00000000ebe80000,0x00000000ebe80000,0x00000000efe80000)
 ParOldGen       total 280064K, used 75443K [0x0000000085200000, 0x0000000096380000, 0x00000000d7100000)
  object space 280064K, 26% used [0x0000000085200000,0x0000000089baced0,0x0000000096380000)
 Metaspace       used 79991K, capacity 89558K, committed 89856K, reserved 1126400K
  class space    used 9512K, capacity 12198K, committed 12288K, reserved 1048576K
}

