# JRE version: OpenJDK Runtime Environment (8.0_151-b12) (build 1.8.0_151-8u151-b12-0ubuntu0.16.04.2-b12)
# Java VM: OpenJDK 64-Bit Server VM (25.151-b12 mixed mode linux-amd64 compressed oops)
Heap:
 PSYoungGen      total 300032K, used 210727K [0x00000000d7100000, 0x00000000ef900000, 0x0000000100000000)
  eden space 240640K, 65% used [0x00000000d7100000,0x00000000e0abe2b8,0x00000000e5c00000)
  from space 59392K, 89% used [0x00000000e5c00000,0x00000000e900b9f0,0x00000000e9600000)
  to   space 66048K, 0% used [0x00000000eb880000,0x00000000eb880000,0x00000000ef900000)
 ParOldGen       total 292352K, used 74174K [0x0000000085200000, 0x0000000096f80000, 0x00000000d7100000)
  object space 292352K, 25% used [0x0000000085200000,0x0000000089a6fb70,0x0000000096f80000)
 Metaspace       used 81260K, capacity 90844K, committed 91008K, reserved 1128448K
  class space    used 9663K, capacity 12372K, committed 12416K, reserved 1048576K
GC Heap History (10 events):
Event: 12,405 GC heap before
{Heap before GC invocations=13 (full 2):
 PSYoungGen      total 263680K, used 95120K [0x00000000d7100000, 0x00000000eda00000, 0x0000000100000000)
  eden space 213504K, 44% used [0x00000000d7100000,0x00000000dcde4290,0x00000000e4180000)
  from space 50176K, 0% used [0x00000000e8100000,0x00000000e8100000,0x00000000eb200000)
  to   space 65024K, 0% used [0x00000000e4180000,0x00000000e4180000,0x00000000e8100000)
 ParOldGen       total 178176K, used 58527K [0x0000000085200000, 0x0000000090000000, 0x00000000d7100000)
  object space 178176K, 32% used [0x0000000085200000,0x0000000088b27e40,0x0000000090000000)
 Metaspace       used 30289K, capacity 33356K, committed 33496K, reserved 1079296K
  class space    used 3304K, capacity 4132K, committed 4224K, reserved 1048576K
Event: 12,440 GC heap after
Heap after GC invocations=13 (full 2):
 PSYoungGen      total 278528K, used 16876K [0x00000000d7100000, 0x00000000ee580000, 0x0000000100000000)
  eden space 213504K, 0% used [0x00000000d7100000,0x00000000d7100000,0x00000000e4180000)
  from space 65024K, 25% used [0x00000000e4180000,0x00000000e51fb368,0x00000000e8100000)
  to   space 63488K, 0% used [0x00000000ea780000,0x00000000ea780000,0x00000000ee580000)
 ParOldGen       total 178176K, used 58535K [0x0000000085200000, 0x0000000090000000, 0x00000000d7100000)
  object space 178176K, 32% used [0x0000000085200000,0x0000000088b29e40,0x0000000090000000)
 Metaspace       used 30289K, capacity 33356K, committed 33496K, reserved 1079296K
  class space    used 3304K, capacity 4132K, committed 4224K, reserved 1048576K
}
Event: 12,440 GC heap before
{Heap before GC invocations=14 (full 3):
 PSYoungGen      total 278528K, used 16876K [0x00000000d7100000, 0x00000000ee580000, 0x0000000100000000)
  eden space 213504K, 0% used [0x00000000d7100000,0x00000000d7100000,0x00000000e4180000)
  from space 65024K, 25% used [0x00000000e4180000,0x00000000e51fb368,0x00000000e8100000)
  to   space 63488K, 0% used [0x00000000ea780000,0x00000000ea780000,0x00000000ee580000)
 ParOldGen       total 178176K, used 58535K [0x0000000085200000, 0x0000000090000000, 0x00000000d7100000)
  object space 178176K, 32% used [0x0000000085200000,0x0000000088b29e40,0x0000000090000000)
 Metaspace       used 30289K, capacity 33356K, committed 33496K, reserved 1079296K
  class space    used 3304K, capacity 4132K, committed 4224K, reserved 1048576K
Event: 13,276 GC heap after
Heap after GC invocations=14 (full 3):
 PSYoungGen      total 278528K, used 0K [0x00000000d7100000, 0x00000000ee580000, 0x0000000100000000)
  eden space 213504K, 0% used [0x00000000d7100000,0x00000000d7100000,0x00000000e4180000)
  from space 65024K, 0% used [0x00000000e4180000,0x00000000e4180000,0x00000000e8100000)
  to   space 63488K, 0% used [0x00000000ea780000,0x00000000ea780000,0x00000000ee580000)
 ParOldGen       total 217088K, used 57473K [0x0000000085200000, 0x0000000092600000, 0x00000000d7100000)
  object space 217088K, 26% used [0x0000000085200000,0x0000000088a20600,0x0000000092600000)
 Metaspace       used 30289K, capacity 33356K, committed 33496K, reserved 1079296K
  class space    used 3304K, capacity 4132K, committed 4224K, reserved 1048576K
}
Event: 18,391 GC heap before
{Heap before GC invocations=15 (full 3):
 PSYoungGen      total 278528K, used 109006K [0x00000000d7100000, 0x00000000ee580000, 0x0000000100000000)
  eden space 213504K, 51% used [0x00000000d7100000,0x00000000ddb73888,0x00000000e4180000)
  from space 65024K, 0% used [0x00000000e4180000,0x00000000e4180000,0x00000000e8100000)
  to   space 63488K, 0% used [0x00000000ea780000,0x00000000ea780000,0x00000000ee580000)
 ParOldGen       total 217088K, used 57473K [0x0000000085200000, 0x0000000092600000, 0x00000000d7100000)
  object space 217088K, 26% used [0x0000000085200000,0x0000000088a20600,0x0000000092600000)
 Metaspace       used 49761K, capacity 55754K, committed 55808K, reserved 1097728K
  class space    used 5651K, capacity 7419K, committed 7424K, reserved 1048576K
Event: 18,414 GC heap after
Heap after GC invocations=15 (full 3):
 PSYoungGen      total 282112K, used 26181K [0x00000000d7100000, 0x00000000ed000000, 0x0000000100000000)
  eden space 240640K, 0% used [0x00000000d7100000,0x00000000d7100000,0x00000000e5c00000)
  from space 41472K, 63% used [0x00000000ea780000,0x00000000ec1114d0,0x00000000ed000000)
  to   space 59392K, 0% used [0x00000000e5c00000,0x00000000e5c00000,0x00000000e9600000)
 ParOldGen       total 217088K, used 57481K [0x0000000085200000, 0x0000000092600000, 0x00000000d7100000)
  object space 217088K, 26% used [0x0000000085200000,0x0000000088a22600,0x0000000092600000)
 Metaspace       used 49761K, capacity 55754K, committed 55808K, reserved 1097728K
  class space    used 5651K, capacity 7419K, committed 7424K, reserved 1048576K
}
Event: 18,414 GC heap before
{Heap before GC invocations=16 (full 4):
 PSYoungGen      total 282112K, used 26181K [0x00000000d7100000, 0x00000000ed000000, 0x0000000100000000)
  eden space 240640K, 0% used [0x00000000d7100000,0x00000000d7100000,0x00000000e5c00000)
  from space 41472K, 63% used [0x00000000ea780000,0x00000000ec1114d0,0x00000000ed000000)
  to   space 59392K, 0% used [0x00000000e5c00000,0x00000000e5c00000,0x00000000e9600000)
 ParOldGen       total 217088K, used 57481K [0x0000000085200000, 0x0000000092600000, 0x00000000d7100000)
  object space 217088K, 26% used [0x0000000085200000,0x0000000088a22600,0x0000000092600000)
 Metaspace       used 49761K, capacity 55754K, committed 55808K, reserved 1097728K
  class space    used 5651K, capacity 7419K, committed 7424K, reserved 1048576K
Event: 18,671 GC heap after
Heap after GC invocations=16 (full 4):
 PSYoungGen      total 282112K, used 0K [0x00000000d7100000, 0x00000000ed000000, 0x0000000100000000)
  eden space 240640K, 0% used [0x00000000d7100000,0x00000000d7100000,0x00000000e5c00000)
  from space 41472K, 0% used [0x00000000ea780000,0x00000000ea780000,0x00000000ed000000)
  to   space 59392K, 0% used [0x00000000e5c00000,0x00000000e5c00000,0x00000000e9600000)
 ParOldGen       total 292352K, used 74166K [0x0000000085200000, 0x0000000096f80000, 0x00000000d7100000)
  object space 292352K, 25% used [0x0000000085200000,0x0000000089a6db70,0x0000000096f80000)
 Metaspace       used 49759K, capacity 55748K, committed 55808K, reserved 1097728K
  class space    used 5650K, capacity 7418K, committed 7424K, reserved 1048576K
}
Event: 29,109 GC heap before
{Heap before GC invocations=17 (full 4):
 PSYoungGen      total 282112K, used 240640K [0x00000000d7100000, 0x00000000ed000000, 0x0000000100000000)
  eden space 240640K, 100% used [0x00000000d7100000,0x00000000e5c00000,0x00000000e5c00000)
  from space 41472K, 0% used [0x00000000ea780000,0x00000000ea780000,0x00000000ed000000)
  to   space 59392K, 0% used [0x00000000e5c00000,0x00000000e5c00000,0x00000000e9600000)
 ParOldGen       total 292352K, used 74166K [0x0000000085200000, 0x0000000096f80000, 0x00000000d7100000)
  object space 292352K, 25% used [0x0000000085200000,0x0000000089a6db70,0x0000000096f80000)
 Metaspace       used 79601K, capacity 89146K, committed 89344K, reserved 1126400K
  class space    used 9472K, capacity 12162K, committed 12288K, reserved 1048576K
Event: 29,159 GC heap after
Heap after GC invocations=17 (full 4):
 PSYoungGen      total 300032K, used 53294K [0x00000000d7100000, 0x00000000ef900000, 0x0000000100000000)
  eden space 240640K, 0% used [0x00000000d7100000,0x00000000d7100000,0x00000000e5c00000)
  from space 59392K, 89% used [0x00000000e5c00000,0x00000000e900b9f0,0x00000000e9600000)
  to   space 66048K, 0% used [0x00000000eb880000,0x00000000eb880000,0x00000000ef900000)
 ParOldGen       total 292352K, used 74174K [0x0000000085200000, 0x0000000096f80000, 0x00000000d7100000)
  object space 292352K, 25% used [0x0000000085200000,0x0000000089a6fb70,0x0000000096f80000)
 Metaspace       used 79601K, capacity 89146K, committed 89344K, reserved 1126400K
  class space    used 9472K, capacity 12162K, committed 12288K, reserved 1048576K
}

